<?xml version="1.0" encoding="UTF-8"?>
<!-- Generated by org.testng.reporters.JUnitReportReporter -->
<testsuite hostname="DESKTOP-5G27C1H" failures="0" tests="1" name="TESTNG.Parallel2" time="5.145" errors="0" timestamp="2023-04-02T09:45:06 IST" skipped="0">
  <testcase classname="TESTNG.Parallel2" name="TC2" time="5.145"/>
  <system-out/>
</testsuite> <!-- TESTNG.Parallel2 -->
