<?xml version="1.0" encoding="UTF-8"?>
<!-- Generated by org.testng.reporters.JUnitReportReporter -->
<testsuite hostname="DESKTOP-5G27C1H" failures="0" tests="5" name="TESTNG.dataProviderAnnotations" time="0.022" errors="0" timestamp="2023-04-05T15:24:54 IST" skipped="0">
  <testcase classname="TESTNG.dataProviderAnnotations" name="TC1" time="0.002"/>
  <system-out/>
  <testcase classname="TESTNG.dataProviderAnnotations" name="TC1" time="0.013"/>
  <system-out/>
  <testcase classname="TESTNG.dataProviderAnnotations" name="TC1" time="0.002"/>
  <system-out/>
  <testcase classname="TESTNG.dataProviderAnnotations" name="TC1" time="0.003"/>
  <system-out/>
  <testcase classname="TESTNG.dataProviderAnnotations" name="TC1" time="0.002"/>
  <system-out/>
</testsuite> <!-- TESTNG.dataProviderAnnotations -->
