<?xml version="1.0" encoding="UTF-8"?>
<!-- Generated by org.testng.reporters.JUnitReportReporter -->
<testsuite hostname="DESKTOP-5G27C1H" failures="0" tests="1" name="TESTNG.Sample2" time="0.019" errors="0" timestamp="2023-04-01T22:55:31 IST" skipped="0">
  <testcase classname="TESTNG.Sample2" name="TC4" time="0.019"/>
  <system-out>
    <![CDATA[running TC4]]>
  </system-out>
</testsuite> <!-- TESTNG.Sample2 -->
