<?xml version="1.0" encoding="UTF-8"?>
<!-- Generated by org.testng.reporters.JUnitReportReporter -->
<testsuite hostname="DESKTOP-5G27C1H" failures="0" tests="3" name="TESTNG.Sample1" time="0.025" errors="0" timestamp="2023-04-01T22:51:22 IST" skipped="0">
  <testcase classname="TESTNG.Sample1" name="TC1" time="0.018"/>
  <system-out>
    <![CDATA[running TC1]]>
  </system-out>
  <testcase classname="TESTNG.Sample1" name="TC3" time="0.004"/>
  <system-out>
    <![CDATA[running TC3]]>
  </system-out>
  <testcase classname="TESTNG.Sample1" name="TC2" time="0.003"/>
  <system-out>
    <![CDATA[running TC2]]>
  </system-out>
</testsuite> <!-- TESTNG.Sample1 -->
