<?xml version="1.0" encoding="UTF-8"?>
<!-- Generated by org.testng.reporters.JUnitReportReporter -->
<testsuite hostname="DESKTOP-5G27C1H" failures="0" tests="1" name="TESTNG.TestNG" time="0.016" errors="0" timestamp="2023-03-30T15:13:04 IST" skipped="0">
  <testcase classname="TESTNG.TestNG" name="test" time="0.016"/>
  <system-out>
    <![CDATA[running test method
running test method]]>
  </system-out>
</testsuite> <!-- TESTNG.TestNG -->
