<?xml version="1.0" encoding="UTF-8"?>
<!-- Generated by org.testng.reporters.JUnitReportReporter -->
<testsuite hostname="DESKTOP-5G27C1H" failures="0" tests="2" name="TESTNG.TestNG_Annotation" time="0.022" errors="0" timestamp="2023-04-13T12:06:05 IST" skipped="0">
  <testcase classname="TESTNG.TestNG_Annotation" name="verifyUN" time="0.009"/>
  <system-out/>
  <testcase classname="TESTNG.TestNG_Annotation" name="verifyPWD" time="0.013"/>
  <system-out/>
</testsuite> <!-- TESTNG.TestNG_Annotation -->
