<?xml version="1.0" encoding="UTF-8"?>
<!-- Generated by org.testng.reporters.JUnitReportReporter -->
<testsuite hostname="DESKTOP-5G27C1H" failures="0" tests="4" name="TESTNG.TestNG_Group" time="0.028" errors="0" timestamp="2023-04-02T09:58:25 IST" skipped="0">
  <testcase classname="TESTNG.TestNG_Group" name="TC7" time="0.005"/>
  <system-out>
    <![CDATA[Running TC7]]>
  </system-out>
  <testcase classname="TESTNG.TestNG_Group" name="TC1" time="0.018"/>
  <system-out>
    <![CDATA[Running TC1]]>
  </system-out>
  <testcase classname="TESTNG.TestNG_Group" name="TC4" time="0.003"/>
  <system-out>
    <![CDATA[Running TC4]]>
  </system-out>
  <testcase classname="TESTNG.TestNG_Group" name="TC5" time="0.002"/>
  <system-out>
    <![CDATA[Running TC5]]>
  </system-out>
</testsuite> <!-- TESTNG.TestNG_Group -->
