<?xml version="1.0" encoding="UTF-8"?>
<!-- Generated by org.testng.reporters.JUnitReportReporter -->
<testsuite hostname="DESKTOP-5G27C1H" failures="0" tests="3" name="TESTNG.Sample3" time="0.016" errors="0" timestamp="2023-04-01T22:51:22 IST" skipped="0">
  <testcase classname="TESTNG.Sample3" name="TC10" time="0.004"/>
  <system-out>
    <![CDATA[running TC10]]>
  </system-out>
  <testcase classname="TESTNG.Sample3" name="TC8" time="0.003"/>
  <system-out>
    <![CDATA[running TC8]]>
  </system-out>
  <testcase classname="TESTNG.Sample3" name="TC9" time="0.009"/>
  <system-out>
    <![CDATA[running TC9]]>
  </system-out>
</testsuite> <!-- TESTNG.Sample3 -->
